1730588846.103512 client started (63219): version 3.5a, socket /private/tmp/tmux-501/default, protocol 8
1730588846.103575 on Darwin 24.0.0 Darwin Kernel Version 24.0.0: Tue Sep 24 23:37:36 PDT 2024; root:xnu-11215.1.12~1/RELEASE_ARM64_T6020
1730588846.103589 using libevent 2.1.12-stable select
1730588846.103598 using utf8proc 2.9.0
1730588846.103604 using ncurses 6.5 20240427
1730588846.103621 flags are 0x18010000
1730588846.103627 socket is /private/tmp/tmux-501/default
1730588846.103652 trying connect
1730588846.103670 connect failed: Connection refused
1730588846.103692 lock file is /private/tmp/tmux-501/default.lock
1730588846.103812 flock succeeded
1730588846.103821 got lock (6)
1730588846.103828 trying connect
1730588846.103836 connect failed: Connection refused
1730588846.104251 add peer 0x150048000: 7 (0x0)
1730588846.106253 sending message 111 to peer 0x150048000 (8 bytes)
1730588846.106265 sending message 111 to peer 0x150048000 (8 bytes)
1730588846.106272 sending message 101 to peer 0x150048000 (15 bytes)
1730588846.106279 sending message 109 to peer 0x150048000 (4 bytes)
1730588846.106285 sending message 102 to peer 0x150048000 (13 bytes)
1730588846.106292 sending message 108 to peer 0x150048000 (33 bytes)
1730588846.106298 sending message 112 to peer 0x150048000 (58 bytes)
1730588846.106305 sending message 112 to peer 0x150048000 (5 bytes)
1730588846.106313 sending message 112 to peer 0x150048000 (5 bytes)
1730588846.106320 sending message 112 to peer 0x150048000 (6 bytes)
1730588846.106325 sending message 112 to peer 0x150048000 (6 bytes)
1730588846.106331 sending message 112 to peer 0x150048000 (11 bytes)
1730588846.106337 sending message 112 to peer 0x150048000 (10 bytes)
1730588846.106343 sending message 112 to peer 0x150048000 (13 bytes)
1730588846.106349 sending message 112 to peer 0x150048000 (14 bytes)
1730588846.106355 sending message 112 to peer 0x150048000 (19 bytes)
1730588846.106362 sending message 112 to peer 0x150048000 (11 bytes)
1730588846.106370 sending message 112 to peer 0x150048000 (10 bytes)
1730588846.106376 sending message 112 to peer 0x150048000 (15 bytes)
1730588846.106382 sending message 112 to peer 0x150048000 (21 bytes)
1730588846.106389 sending message 112 to peer 0x150048000 (13 bytes)
1730588846.106394 sending message 112 to peer 0x150048000 (7 bytes)
1730588846.106399 sending message 112 to peer 0x150048000 (13 bytes)
1730588846.106405 sending message 112 to peer 0x150048000 (7 bytes)
1730588846.106410 sending message 112 to peer 0x150048000 (13 bytes)
1730588846.106416 sending message 112 to peer 0x150048000 (9 bytes)
1730588846.106423 sending message 112 to peer 0x150048000 (21 bytes)
1730588846.106430 sending message 112 to peer 0x150048000 (13 bytes)
1730588846.106437 sending message 112 to peer 0x150048000 (9 bytes)
1730588846.106443 sending message 112 to peer 0x150048000 (16 bytes)
1730588846.106449 sending message 112 to peer 0x150048000 (13 bytes)
1730588846.106456 sending message 112 to peer 0x150048000 (9 bytes)
1730588846.106463 sending message 112 to peer 0x150048000 (9 bytes)
1730588846.106473 sending message 112 to peer 0x150048000 (12 bytes)
1730588846.106479 sending message 112 to peer 0x150048000 (8 bytes)
1730588846.106486 sending message 112 to peer 0x150048000 (8 bytes)
1730588846.106492 sending message 112 to peer 0x150048000 (13 bytes)
1730588846.106499 sending message 112 to peer 0x150048000 (7 bytes)
1730588846.106507 sending message 112 to peer 0x150048000 (7 bytes)
1730588846.106513 sending message 112 to peer 0x150048000 (9 bytes)
1730588846.106522 sending message 112 to peer 0x150048000 (9 bytes)
1730588846.106529 sending message 112 to peer 0x150048000 (15 bytes)
1730588846.106537 sending message 112 to peer 0x150048000 (13 bytes)
1730588846.106543 sending message 112 to peer 0x150048000 (12 bytes)
1730588846.106550 sending message 112 to peer 0x150048000 (8 bytes)
1730588846.106557 sending message 112 to peer 0x150048000 (14 bytes)
1730588846.106564 sending message 112 to peer 0x150048000 (11 bytes)
1730588846.106569 sending message 112 to peer 0x150048000 (9 bytes)
1730588846.106584 sending message 112 to peer 0x150048000 (10 bytes)
1730588846.106589 sending message 112 to peer 0x150048000 (10 bytes)
1730588846.106595 sending message 112 to peer 0x150048000 (10 bytes)
1730588846.106602 sending message 112 to peer 0x150048000 (10 bytes)
1730588846.106610 sending message 112 to peer 0x150048000 (11 bytes)
1730588846.106617 sending message 112 to peer 0x150048000 (12 bytes)
1730588846.106622 sending message 112 to peer 0x150048000 (12 bytes)
1730588846.106627 sending message 112 to peer 0x150048000 (12 bytes)
1730588846.106632 sending message 112 to peer 0x150048000 (12 bytes)
1730588846.106637 sending message 112 to peer 0x150048000 (12 bytes)
1730588846.106642 sending message 112 to peer 0x150048000 (11 bytes)
1730588846.106647 sending message 112 to peer 0x150048000 (11 bytes)
1730588846.106652 sending message 112 to peer 0x150048000 (12 bytes)
1730588846.106659 sending message 112 to peer 0x150048000 (12 bytes)
1730588846.106667 sending message 112 to peer 0x150048000 (12 bytes)
1730588846.106672 sending message 112 to peer 0x150048000 (12 bytes)
1730588846.106678 sending message 112 to peer 0x150048000 (12 bytes)
1730588846.106683 sending message 112 to peer 0x150048000 (9 bytes)
1730588846.106687 sending message 112 to peer 0x150048000 (12 bytes)
1730588846.106693 sending message 112 to peer 0x150048000 (13 bytes)
1730588846.106697 sending message 112 to peer 0x150048000 (13 bytes)
1730588846.106702 sending message 112 to peer 0x150048000 (13 bytes)
1730588846.106707 sending message 112 to peer 0x150048000 (13 bytes)
1730588846.106712 sending message 112 to peer 0x150048000 (13 bytes)
1730588846.106717 sending message 112 to peer 0x150048000 (8 bytes)
1730588846.106722 sending message 112 to peer 0x150048000 (11 bytes)
1730588846.106728 sending message 112 to peer 0x150048000 (11 bytes)
1730588846.106734 sending message 112 to peer 0x150048000 (11 bytes)
1730588846.106739 sending message 112 to peer 0x150048000 (12 bytes)
1730588846.106743 sending message 112 to peer 0x150048000 (12 bytes)
1730588846.106747 sending message 112 to peer 0x150048000 (12 bytes)
1730588846.106753 sending message 112 to peer 0x150048000 (12 bytes)
1730588846.106757 sending message 112 to peer 0x150048000 (13 bytes)
1730588846.106762 sending message 112 to peer 0x150048000 (13 bytes)
1730588846.106767 sending message 112 to peer 0x150048000 (13 bytes)
1730588846.106772 sending message 112 to peer 0x150048000 (8 bytes)
1730588846.106777 sending message 112 to peer 0x150048000 (13 bytes)
1730588846.106782 sending message 112 to peer 0x150048000 (13 bytes)
1730588846.106788 sending message 112 to peer 0x150048000 (13 bytes)
1730588846.106794 sending message 112 to peer 0x150048000 (13 bytes)
1730588846.106799 sending message 112 to peer 0x150048000 (13 bytes)
1730588846.106805 sending message 112 to peer 0x150048000 (12 bytes)
1730588846.106811 sending message 112 to peer 0x150048000 (12 bytes)
1730588846.106815 sending message 112 to peer 0x150048000 (12 bytes)
1730588846.106820 sending message 112 to peer 0x150048000 (12 bytes)
1730588846.106825 sending message 112 to peer 0x150048000 (13 bytes)
1730588846.106830 sending message 112 to peer 0x150048000 (8 bytes)
1730588846.106836 sending message 112 to peer 0x150048000 (13 bytes)
1730588846.106842 sending message 112 to peer 0x150048000 (13 bytes)
1730588846.106847 sending message 112 to peer 0x150048000 (13 bytes)
1730588846.106853 sending message 112 to peer 0x150048000 (13 bytes)
1730588846.106857 sending message 112 to peer 0x150048000 (13 bytes)
1730588846.106862 sending message 112 to peer 0x150048000 (13 bytes)
1730588846.106867 sending message 112 to peer 0x150048000 (13 bytes)
1730588846.106872 sending message 112 to peer 0x150048000 (12 bytes)
1730588846.106876 sending message 112 to peer 0x150048000 (12 bytes)
1730588846.106881 sending message 112 to peer 0x150048000 (12 bytes)
1730588846.106886 sending message 112 to peer 0x150048000 (8 bytes)
1730588846.106891 sending message 112 to peer 0x150048000 (12 bytes)
1730588846.106896 sending message 112 to peer 0x150048000 (13 bytes)
1730588846.106908 sending message 112 to peer 0x150048000 (13 bytes)
1730588846.106912 sending message 112 to peer 0x150048000 (13 bytes)
1730588846.106916 sending message 112 to peer 0x150048000 (13 bytes)
1730588846.106920 sending message 112 to peer 0x150048000 (13 bytes)
1730588846.106925 sending message 112 to peer 0x150048000 (13 bytes)
1730588846.106929 sending message 112 to peer 0x150048000 (13 bytes)
1730588846.106934 sending message 112 to peer 0x150048000 (13 bytes)
1730588846.106939 sending message 112 to peer 0x150048000 (12 bytes)
1730588846.106944 sending message 112 to peer 0x150048000 (10 bytes)
1730588846.106949 sending message 112 to peer 0x150048000 (12 bytes)
1730588846.106954 sending message 112 to peer 0x150048000 (12 bytes)
1730588846.106959 sending message 112 to peer 0x150048000 (12 bytes)
1730588846.106964 sending message 112 to peer 0x150048000 (13 bytes)
1730588846.106970 sending message 112 to peer 0x150048000 (13 bytes)
1730588846.106976 sending message 112 to peer 0x150048000 (13 bytes)
1730588846.106981 sending message 112 to peer 0x150048000 (13 bytes)
1730588846.106987 sending message 112 to peer 0x150048000 (13 bytes)
1730588846.106992 sending message 112 to peer 0x150048000 (13 bytes)
1730588846.106998 sending message 112 to peer 0x150048000 (13 bytes)
1730588846.107004 sending message 112 to peer 0x150048000 (10 bytes)
1730588846.107009 sending message 112 to peer 0x150048000 (13 bytes)
1730588846.107015 sending message 112 to peer 0x150048000 (12 bytes)
1730588846.107020 sending message 112 to peer 0x150048000 (12 bytes)
1730588846.107025 sending message 112 to peer 0x150048000 (12 bytes)
1730588846.107031 sending message 112 to peer 0x150048000 (10 bytes)
1730588846.107037 sending message 112 to peer 0x150048000 (10 bytes)
1730588846.107043 sending message 112 to peer 0x150048000 (10 bytes)
1730588846.107049 sending message 112 to peer 0x150048000 (12 bytes)
1730588846.107056 sending message 112 to peer 0x150048000 (13 bytes)
1730588846.107062 sending message 112 to peer 0x150048000 (13 bytes)
1730588846.107068 sending message 112 to peer 0x150048000 (13 bytes)
1730588846.107073 sending message 112 to peer 0x150048000 (13 bytes)
1730588846.107078 sending message 112 to peer 0x150048000 (13 bytes)
1730588846.107083 sending message 112 to peer 0x150048000 (10 bytes)
1730588846.107087 sending message 112 to peer 0x150048000 (11 bytes)
1730588846.107090 sending message 112 to peer 0x150048000 (12 bytes)
1730588846.107095 sending message 112 to peer 0x150048000 (12 bytes)
1730588846.107101 sending message 112 to peer 0x150048000 (12 bytes)
1730588846.107107 sending message 112 to peer 0x150048000 (12 bytes)
1730588846.107111 sending message 112 to peer 0x150048000 (12 bytes)
1730588846.107116 sending message 112 to peer 0x150048000 (11 bytes)
1730588846.107122 sending message 112 to peer 0x150048000 (12 bytes)
1730588846.107127 sending message 112 to peer 0x150048000 (12 bytes)
1730588846.107133 sending message 112 to peer 0x150048000 (13 bytes)
1730588846.107139 sending message 112 to peer 0x150048000 (13 bytes)
1730588846.107144 sending message 112 to peer 0x150048000 (13 bytes)
1730588846.107149 sending message 112 to peer 0x150048000 (13 bytes)
1730588846.107157 sending message 112 to peer 0x150048000 (13 bytes)
1730588846.107162 sending message 112 to peer 0x150048000 (10 bytes)
1730588846.107169 sending message 112 to peer 0x150048000 (9 bytes)
1730588846.107175 sending message 112 to peer 0x150048000 (12 bytes)
1730588846.107183 sending message 112 to peer 0x150048000 (13 bytes)
1730588846.107189 sending message 112 to peer 0x150048000 (13 bytes)
1730588846.107194 sending message 112 to peer 0x150048000 (13 bytes)
1730588846.107200 sending message 112 to peer 0x150048000 (13 bytes)
1730588846.107205 sending message 112 to peer 0x150048000 (13 bytes)
1730588846.107210 sending message 112 to peer 0x150048000 (9 bytes)
1730588846.107214 sending message 112 to peer 0x150048000 (12 bytes)
1730588846.107219 sending message 112 to peer 0x150048000 (13 bytes)
1730588846.107230 sending message 112 to peer 0x150048000 (13 bytes)
1730588846.107235 sending message 112 to peer 0x150048000 (13 bytes)
1730588846.107240 sending message 112 to peer 0x150048000 (13 bytes)
1730588846.107245 sending message 112 to peer 0x150048000 (13 bytes)
1730588846.107250 sending message 112 to peer 0x150048000 (11 bytes)
1730588846.107255 sending message 112 to peer 0x150048000 (12 bytes)
1730588846.107259 sending message 112 to peer 0x150048000 (13 bytes)
1730588846.107262 sending message 112 to peer 0x150048000 (13 bytes)
1730588846.107267 sending message 112 to peer 0x150048000 (13 bytes)
1730588846.107274 sending message 112 to peer 0x150048000 (13 bytes)
1730588846.107280 sending message 112 to peer 0x150048000 (13 bytes)
1730588846.107285 sending message 112 to peer 0x150048000 (11 bytes)
1730588846.107290 sending message 112 to peer 0x150048000 (12 bytes)
1730588846.107296 sending message 112 to peer 0x150048000 (12 bytes)
1730588846.107301 sending message 112 to peer 0x150048000 (12 bytes)
1730588846.107306 sending message 112 to peer 0x150048000 (12 bytes)
1730588846.107311 sending message 112 to peer 0x150048000 (12 bytes)
1730588846.107316 sending message 112 to peer 0x150048000 (21 bytes)
1730588846.107321 sending message 112 to peer 0x150048000 (12 bytes)
1730588846.107327 sending message 112 to peer 0x150048000 (9 bytes)
1730588846.107332 sending message 112 to peer 0x150048000 (6 bytes)
1730588846.107338 sending message 112 to peer 0x150048000 (13 bytes)
1730588846.107343 sending message 112 to peer 0x150048000 (10 bytes)
1730588846.107347 sending message 112 to peer 0x150048000 (24 bytes)
1730588846.107352 sending message 112 to peer 0x150048000 (13 bytes)
1730588846.107357 sending message 112 to peer 0x150048000 (9 bytes)
1730588846.107362 sending message 112 to peer 0x150048000 (70 bytes)
1730588846.107367 sending message 112 to peer 0x150048000 (69 bytes)
1730588846.107372 sending message 112 to peer 0x150048000 (12 bytes)
1730588846.107377 sending message 112 to peer 0x150048000 (10 bytes)
1730588846.107381 sending message 112 to peer 0x150048000 (10 bytes)
1730588846.107386 sending message 112 to peer 0x150048000 (24 bytes)
1730588846.107391 sending message 112 to peer 0x150048000 (13 bytes)
1730588846.107396 sending message 112 to peer 0x150048000 (10 bytes)
1730588846.107401 sending message 112 to peer 0x150048000 (10 bytes)
1730588846.107406 sending message 112 to peer 0x150048000 (10 bytes)
1730588846.107411 sending message 112 to peer 0x150048000 (13 bytes)
1730588846.107416 sending message 112 to peer 0x150048000 (15 bytes)
1730588846.107423 sending message 112 to peer 0x150048000 (5 bytes)
1730588846.107427 sending message 104 to peer 0x150048000 (0 bytes)
1730588846.107435 sending message 110 to peer 0x150048000 (0 bytes)
1730588846.107440 sending message 107 to peer 0x150048000 (4 bytes)
1730588846.107445 sending message 105 to peer 0x150048000 (83 bytes)
1730588846.107450 sending message 105 to peer 0x150048000 (87 bytes)
1730588846.107456 sending message 105 to peer 0x150048000 (31 bytes)
1730588846.107461 sending message 105 to peer 0x150048000 (20 bytes)
1730588846.107467 sending message 105 to peer 0x150048000 (22 bytes)
1730588846.107472 sending message 105 to peer 0x150048000 (30 bytes)
1730588846.107477 sending message 105 to peer 0x150048000 (15 bytes)
1730588846.107482 sending message 105 to peer 0x150048000 (26 bytes)
1730588846.107487 sending message 105 to peer 0x150048000 (341 bytes)
1730588846.107492 sending message 105 to peer 0x150048000 (15 bytes)
1730588846.107497 sending message 105 to peer 0x150048000 (66 bytes)
1730588846.107502 sending message 105 to peer 0x150048000 (20 bytes)
1730588846.107507 sending message 105 to peer 0x150048000 (57 bytes)
1730588846.107512 sending message 105 to peer 0x150048000 (23 bytes)
1730588846.107517 sending message 105 to peer 0x150048000 (20 bytes)
1730588846.107522 sending message 105 to peer 0x150048000 (14 bytes)
1730588846.107527 sending message 105 to peer 0x150048000 (19 bytes)
1730588846.107541 sending message 105 to peer 0x150048000 (35 bytes)
1730588846.107546 sending message 105 to peer 0x150048000 (32 bytes)
1730588846.107552 sending message 105 to peer 0x150048000 (8 bytes)
1730588846.107557 sending message 105 to peer 0x150048000 (37 bytes)
1730588846.107563 sending message 105 to peer 0x150048000 (45 bytes)
1730588846.107568 sending message 105 to peer 0x150048000 (30 bytes)
1730588846.107574 sending message 105 to peer 0x150048000 (37 bytes)
1730588846.107580 sending message 105 to peer 0x150048000 (34 bytes)
1730588846.107585 sending message 105 to peer 0x150048000 (35 bytes)
1730588846.107590 sending message 105 to peer 0x150048000 (12 bytes)
1730588846.107595 sending message 105 to peer 0x150048000 (22 bytes)
1730588846.107599 sending message 105 to peer 0x150048000 (40 bytes)
1730588846.107605 sending message 105 to peer 0x150048000 (11 bytes)
1730588846.107610 sending message 105 to peer 0x150048000 (8 bytes)
1730588846.107616 sending message 105 to peer 0x150048000 (32 bytes)
1730588846.107622 sending message 105 to peer 0x150048000 (96 bytes)
1730588846.107629 sending message 105 to peer 0x150048000 (10 bytes)
1730588846.107635 sending message 105 to peer 0x150048000 (26 bytes)
1730588846.107641 sending message 105 to peer 0x150048000 (25 bytes)
1730588846.107647 sending message 106 to peer 0x150048000 (0 bytes)
1730588846.107710 sending message 200 to peer 0x150048000 (4 bytes)
1730588846.107717 client loop enter
1730588846.107737 client_signal: Child exited: 20
1730588846.157087 peer 0x150048000 message 207
1730588846.157125 sending message 208 to peer 0x150048000 (0 bytes)
1730588854.909404 peer 0x150048000 message 203
1730588854.909428 sending message 205 to peer 0x150048000 (0 bytes)
1730588854.909763 peer 0x150048000 message 204
1730588854.909786 client loop exit
