1730588829.909248 client started (63122): version 3.5a, socket /private/tmp/tmux-501/default, protocol 8
1730588829.909284 on Darwin 24.0.0 Darwin Kernel Version 24.0.0: Tue Sep 24 23:37:36 PDT 2024; root:xnu-11215.1.12~1/RELEASE_ARM64_T6020
1730588829.909290 using libevent 2.1.12-stable select
1730588829.909448 using utf8proc 2.9.0
1730588829.909454 using ncurses 6.5 20240427
1730588829.909463 flags are 0x18010000
1730588829.909466 socket is /private/tmp/tmux-501/default
1730588829.909473 trying connect
1730588829.909481 connect failed: Connection refused
1730588829.909490 lock file is /private/tmp/tmux-501/default.lock
1730588829.909632 flock succeeded
1730588829.909636 got lock (6)
1730588829.909639 trying connect
1730588829.909643 connect failed: Connection refused
1730588829.909917 add peer 0x150048000: 7 (0x0)
1730588829.911947 sending message 111 to peer 0x150048000 (8 bytes)
1730588829.911952 sending message 111 to peer 0x150048000 (8 bytes)
1730588829.911956 sending message 101 to peer 0x150048000 (15 bytes)
1730588829.911960 sending message 109 to peer 0x150048000 (4 bytes)
1730588829.911965 sending message 102 to peer 0x150048000 (13 bytes)
1730588829.911969 sending message 108 to peer 0x150048000 (33 bytes)
1730588829.911972 sending message 112 to peer 0x150048000 (58 bytes)
1730588829.911975 sending message 112 to peer 0x150048000 (5 bytes)
1730588829.911978 sending message 112 to peer 0x150048000 (5 bytes)
1730588829.911981 sending message 112 to peer 0x150048000 (6 bytes)
1730588829.911985 sending message 112 to peer 0x150048000 (6 bytes)
1730588829.911988 sending message 112 to peer 0x150048000 (11 bytes)
1730588829.911992 sending message 112 to peer 0x150048000 (10 bytes)
1730588829.911995 sending message 112 to peer 0x150048000 (13 bytes)
1730588829.911998 sending message 112 to peer 0x150048000 (14 bytes)
1730588829.912001 sending message 112 to peer 0x150048000 (19 bytes)
1730588829.912004 sending message 112 to peer 0x150048000 (11 bytes)
1730588829.912007 sending message 112 to peer 0x150048000 (10 bytes)
1730588829.912009 sending message 112 to peer 0x150048000 (15 bytes)
1730588829.912013 sending message 112 to peer 0x150048000 (21 bytes)
1730588829.912016 sending message 112 to peer 0x150048000 (13 bytes)
1730588829.912019 sending message 112 to peer 0x150048000 (7 bytes)
1730588829.912023 sending message 112 to peer 0x150048000 (13 bytes)
1730588829.912026 sending message 112 to peer 0x150048000 (7 bytes)
1730588829.912030 sending message 112 to peer 0x150048000 (13 bytes)
1730588829.912033 sending message 112 to peer 0x150048000 (9 bytes)
1730588829.912037 sending message 112 to peer 0x150048000 (21 bytes)
1730588829.912040 sending message 112 to peer 0x150048000 (13 bytes)
1730588829.912044 sending message 112 to peer 0x150048000 (9 bytes)
1730588829.912047 sending message 112 to peer 0x150048000 (16 bytes)
1730588829.912051 sending message 112 to peer 0x150048000 (13 bytes)
1730588829.912054 sending message 112 to peer 0x150048000 (9 bytes)
1730588829.912058 sending message 112 to peer 0x150048000 (9 bytes)
1730588829.912061 sending message 112 to peer 0x150048000 (12 bytes)
1730588829.912065 sending message 112 to peer 0x150048000 (8 bytes)
1730588829.912068 sending message 112 to peer 0x150048000 (8 bytes)
1730588829.912072 sending message 112 to peer 0x150048000 (13 bytes)
1730588829.912076 sending message 112 to peer 0x150048000 (7 bytes)
1730588829.912079 sending message 112 to peer 0x150048000 (7 bytes)
1730588829.912083 sending message 112 to peer 0x150048000 (9 bytes)
1730588829.912086 sending message 112 to peer 0x150048000 (9 bytes)
1730588829.912089 sending message 112 to peer 0x150048000 (15 bytes)
1730588829.912093 sending message 112 to peer 0x150048000 (13 bytes)
1730588829.912096 sending message 112 to peer 0x150048000 (12 bytes)
1730588829.912100 sending message 112 to peer 0x150048000 (8 bytes)
1730588829.912103 sending message 112 to peer 0x150048000 (14 bytes)
1730588829.912107 sending message 112 to peer 0x150048000 (11 bytes)
1730588829.912110 sending message 112 to peer 0x150048000 (9 bytes)
1730588829.912117 sending message 112 to peer 0x150048000 (10 bytes)
1730588829.912120 sending message 112 to peer 0x150048000 (10 bytes)
1730588829.912122 sending message 112 to peer 0x150048000 (10 bytes)
1730588829.912125 sending message 112 to peer 0x150048000 (10 bytes)
1730588829.912128 sending message 112 to peer 0x150048000 (11 bytes)
1730588829.912130 sending message 112 to peer 0x150048000 (12 bytes)
1730588829.912133 sending message 112 to peer 0x150048000 (12 bytes)
1730588829.912136 sending message 112 to peer 0x150048000 (12 bytes)
1730588829.912139 sending message 112 to peer 0x150048000 (12 bytes)
1730588829.912142 sending message 112 to peer 0x150048000 (12 bytes)
1730588829.912145 sending message 112 to peer 0x150048000 (11 bytes)
1730588829.912147 sending message 112 to peer 0x150048000 (11 bytes)
1730588829.912150 sending message 112 to peer 0x150048000 (12 bytes)
1730588829.912152 sending message 112 to peer 0x150048000 (12 bytes)
1730588829.912155 sending message 112 to peer 0x150048000 (12 bytes)
1730588829.912158 sending message 112 to peer 0x150048000 (12 bytes)
1730588829.912160 sending message 112 to peer 0x150048000 (12 bytes)
1730588829.912163 sending message 112 to peer 0x150048000 (9 bytes)
1730588829.912165 sending message 112 to peer 0x150048000 (12 bytes)
1730588829.912168 sending message 112 to peer 0x150048000 (13 bytes)
1730588829.912170 sending message 112 to peer 0x150048000 (13 bytes)
1730588829.912173 sending message 112 to peer 0x150048000 (13 bytes)
1730588829.912176 sending message 112 to peer 0x150048000 (13 bytes)
1730588829.912178 sending message 112 to peer 0x150048000 (13 bytes)
1730588829.912181 sending message 112 to peer 0x150048000 (8 bytes)
1730588829.912184 sending message 112 to peer 0x150048000 (11 bytes)
1730588829.912186 sending message 112 to peer 0x150048000 (11 bytes)
1730588829.912189 sending message 112 to peer 0x150048000 (11 bytes)
1730588829.912192 sending message 112 to peer 0x150048000 (12 bytes)
1730588829.912194 sending message 112 to peer 0x150048000 (12 bytes)
1730588829.912197 sending message 112 to peer 0x150048000 (12 bytes)
1730588829.912199 sending message 112 to peer 0x150048000 (12 bytes)
1730588829.912202 sending message 112 to peer 0x150048000 (13 bytes)
1730588829.912205 sending message 112 to peer 0x150048000 (13 bytes)
1730588829.912207 sending message 112 to peer 0x150048000 (13 bytes)
1730588829.912209 sending message 112 to peer 0x150048000 (8 bytes)
1730588829.912212 sending message 112 to peer 0x150048000 (13 bytes)
1730588829.912214 sending message 112 to peer 0x150048000 (13 bytes)
1730588829.912217 sending message 112 to peer 0x150048000 (13 bytes)
1730588829.912219 sending message 112 to peer 0x150048000 (13 bytes)
1730588829.912222 sending message 112 to peer 0x150048000 (13 bytes)
1730588829.912225 sending message 112 to peer 0x150048000 (12 bytes)
1730588829.912227 sending message 112 to peer 0x150048000 (12 bytes)
1730588829.912230 sending message 112 to peer 0x150048000 (12 bytes)
1730588829.912233 sending message 112 to peer 0x150048000 (12 bytes)
1730588829.912236 sending message 112 to peer 0x150048000 (13 bytes)
1730588829.912238 sending message 112 to peer 0x150048000 (8 bytes)
1730588829.912241 sending message 112 to peer 0x150048000 (13 bytes)
1730588829.912243 sending message 112 to peer 0x150048000 (13 bytes)
1730588829.912246 sending message 112 to peer 0x150048000 (13 bytes)
1730588829.912248 sending message 112 to peer 0x150048000 (13 bytes)
1730588829.912251 sending message 112 to peer 0x150048000 (13 bytes)
1730588829.912254 sending message 112 to peer 0x150048000 (13 bytes)
1730588829.912256 sending message 112 to peer 0x150048000 (13 bytes)
1730588829.912260 sending message 112 to peer 0x150048000 (12 bytes)
1730588829.912262 sending message 112 to peer 0x150048000 (12 bytes)
1730588829.912265 sending message 112 to peer 0x150048000 (12 bytes)
1730588829.912268 sending message 112 to peer 0x150048000 (8 bytes)
1730588829.912271 sending message 112 to peer 0x150048000 (12 bytes)
1730588829.912274 sending message 112 to peer 0x150048000 (13 bytes)
1730588829.912280 sending message 112 to peer 0x150048000 (13 bytes)
1730588829.912283 sending message 112 to peer 0x150048000 (13 bytes)
1730588829.912285 sending message 112 to peer 0x150048000 (13 bytes)
1730588829.912288 sending message 112 to peer 0x150048000 (13 bytes)
1730588829.912291 sending message 112 to peer 0x150048000 (13 bytes)
1730588829.912294 sending message 112 to peer 0x150048000 (13 bytes)
1730588829.912296 sending message 112 to peer 0x150048000 (13 bytes)
1730588829.912299 sending message 112 to peer 0x150048000 (12 bytes)
1730588829.912303 sending message 112 to peer 0x150048000 (10 bytes)
1730588829.912305 sending message 112 to peer 0x150048000 (12 bytes)
1730588829.912307 sending message 112 to peer 0x150048000 (12 bytes)
1730588829.912310 sending message 112 to peer 0x150048000 (12 bytes)
1730588829.912312 sending message 112 to peer 0x150048000 (13 bytes)
1730588829.912315 sending message 112 to peer 0x150048000 (13 bytes)
1730588829.912318 sending message 112 to peer 0x150048000 (13 bytes)
1730588829.912320 sending message 112 to peer 0x150048000 (13 bytes)
1730588829.912323 sending message 112 to peer 0x150048000 (13 bytes)
1730588829.912325 sending message 112 to peer 0x150048000 (13 bytes)
1730588829.912328 sending message 112 to peer 0x150048000 (13 bytes)
1730588829.912330 sending message 112 to peer 0x150048000 (10 bytes)
1730588829.912332 sending message 112 to peer 0x150048000 (13 bytes)
1730588829.912335 sending message 112 to peer 0x150048000 (12 bytes)
1730588829.912337 sending message 112 to peer 0x150048000 (12 bytes)
1730588829.912340 sending message 112 to peer 0x150048000 (12 bytes)
1730588829.912342 sending message 112 to peer 0x150048000 (10 bytes)
1730588829.912345 sending message 112 to peer 0x150048000 (10 bytes)
1730588829.912347 sending message 112 to peer 0x150048000 (10 bytes)
1730588829.912350 sending message 112 to peer 0x150048000 (12 bytes)
1730588829.912352 sending message 112 to peer 0x150048000 (13 bytes)
1730588829.912355 sending message 112 to peer 0x150048000 (13 bytes)
1730588829.912357 sending message 112 to peer 0x150048000 (13 bytes)
1730588829.912359 sending message 112 to peer 0x150048000 (13 bytes)
1730588829.912361 sending message 112 to peer 0x150048000 (13 bytes)
1730588829.912364 sending message 112 to peer 0x150048000 (10 bytes)
1730588829.912367 sending message 112 to peer 0x150048000 (11 bytes)
1730588829.912369 sending message 112 to peer 0x150048000 (12 bytes)
1730588829.912372 sending message 112 to peer 0x150048000 (12 bytes)
1730588829.912375 sending message 112 to peer 0x150048000 (12 bytes)
1730588829.912376 sending message 112 to peer 0x150048000 (12 bytes)
1730588829.912379 sending message 112 to peer 0x150048000 (12 bytes)
1730588829.912381 sending message 112 to peer 0x150048000 (11 bytes)
1730588829.912383 sending message 112 to peer 0x150048000 (12 bytes)
1730588829.912385 sending message 112 to peer 0x150048000 (12 bytes)
1730588829.912388 sending message 112 to peer 0x150048000 (13 bytes)
1730588829.912390 sending message 112 to peer 0x150048000 (13 bytes)
1730588829.912393 sending message 112 to peer 0x150048000 (13 bytes)
1730588829.912396 sending message 112 to peer 0x150048000 (13 bytes)
1730588829.912399 sending message 112 to peer 0x150048000 (13 bytes)
1730588829.912402 sending message 112 to peer 0x150048000 (10 bytes)
1730588829.912404 sending message 112 to peer 0x150048000 (9 bytes)
1730588829.912407 sending message 112 to peer 0x150048000 (12 bytes)
1730588829.912409 sending message 112 to peer 0x150048000 (13 bytes)
1730588829.912412 sending message 112 to peer 0x150048000 (13 bytes)
1730588829.912414 sending message 112 to peer 0x150048000 (13 bytes)
1730588829.912417 sending message 112 to peer 0x150048000 (13 bytes)
1730588829.912420 sending message 112 to peer 0x150048000 (13 bytes)
1730588829.912423 sending message 112 to peer 0x150048000 (9 bytes)
1730588829.912425 sending message 112 to peer 0x150048000 (12 bytes)
1730588829.912428 sending message 112 to peer 0x150048000 (13 bytes)
1730588829.912435 sending message 112 to peer 0x150048000 (13 bytes)
1730588829.912437 sending message 112 to peer 0x150048000 (13 bytes)
1730588829.912440 sending message 112 to peer 0x150048000 (13 bytes)
1730588829.912442 sending message 112 to peer 0x150048000 (13 bytes)
1730588829.912445 sending message 112 to peer 0x150048000 (11 bytes)
1730588829.912447 sending message 112 to peer 0x150048000 (12 bytes)
1730588829.912449 sending message 112 to peer 0x150048000 (13 bytes)
1730588829.912452 sending message 112 to peer 0x150048000 (13 bytes)
1730588829.912454 sending message 112 to peer 0x150048000 (13 bytes)
1730588829.912457 sending message 112 to peer 0x150048000 (13 bytes)
1730588829.912460 sending message 112 to peer 0x150048000 (13 bytes)
1730588829.912462 sending message 112 to peer 0x150048000 (11 bytes)
1730588829.912465 sending message 112 to peer 0x150048000 (12 bytes)
1730588829.912468 sending message 112 to peer 0x150048000 (12 bytes)
1730588829.912470 sending message 112 to peer 0x150048000 (12 bytes)
1730588829.912472 sending message 112 to peer 0x150048000 (12 bytes)
1730588829.912473 sending message 112 to peer 0x150048000 (12 bytes)
1730588829.912476 sending message 112 to peer 0x150048000 (21 bytes)
1730588829.912478 sending message 112 to peer 0x150048000 (12 bytes)
1730588829.912481 sending message 112 to peer 0x150048000 (9 bytes)
1730588829.912483 sending message 112 to peer 0x150048000 (6 bytes)
1730588829.912486 sending message 112 to peer 0x150048000 (13 bytes)
1730588829.912489 sending message 112 to peer 0x150048000 (10 bytes)
1730588829.912492 sending message 112 to peer 0x150048000 (24 bytes)
1730588829.912495 sending message 112 to peer 0x150048000 (13 bytes)
1730588829.912497 sending message 112 to peer 0x150048000 (9 bytes)
1730588829.912500 sending message 112 to peer 0x150048000 (70 bytes)
1730588829.912503 sending message 112 to peer 0x150048000 (69 bytes)
1730588829.912505 sending message 112 to peer 0x150048000 (12 bytes)
1730588829.912508 sending message 112 to peer 0x150048000 (10 bytes)
1730588829.912510 sending message 112 to peer 0x150048000 (10 bytes)
1730588829.912513 sending message 112 to peer 0x150048000 (24 bytes)
1730588829.912515 sending message 112 to peer 0x150048000 (13 bytes)
1730588829.912519 sending message 112 to peer 0x150048000 (10 bytes)
1730588829.912522 sending message 112 to peer 0x150048000 (10 bytes)
1730588829.912524 sending message 112 to peer 0x150048000 (10 bytes)
1730588829.912527 sending message 112 to peer 0x150048000 (13 bytes)
1730588829.912530 sending message 112 to peer 0x150048000 (15 bytes)
1730588829.912533 sending message 112 to peer 0x150048000 (5 bytes)
1730588829.912536 sending message 104 to peer 0x150048000 (0 bytes)
1730588829.912542 sending message 110 to peer 0x150048000 (0 bytes)
1730588829.912545 sending message 107 to peer 0x150048000 (4 bytes)
1730588829.912547 sending message 105 to peer 0x150048000 (83 bytes)
1730588829.912550 sending message 105 to peer 0x150048000 (87 bytes)
1730588829.912553 sending message 105 to peer 0x150048000 (31 bytes)
1730588829.912555 sending message 105 to peer 0x150048000 (20 bytes)
1730588829.912558 sending message 105 to peer 0x150048000 (22 bytes)
1730588829.912560 sending message 105 to peer 0x150048000 (30 bytes)
1730588829.912563 sending message 105 to peer 0x150048000 (15 bytes)
1730588829.912565 sending message 105 to peer 0x150048000 (26 bytes)
1730588829.912568 sending message 105 to peer 0x150048000 (341 bytes)
1730588829.912570 sending message 105 to peer 0x150048000 (15 bytes)
1730588829.912573 sending message 105 to peer 0x150048000 (66 bytes)
1730588829.912575 sending message 105 to peer 0x150048000 (20 bytes)
1730588829.912578 sending message 105 to peer 0x150048000 (57 bytes)
1730588829.912580 sending message 105 to peer 0x150048000 (23 bytes)
1730588829.912583 sending message 105 to peer 0x150048000 (20 bytes)
1730588829.912585 sending message 105 to peer 0x150048000 (14 bytes)
1730588829.912588 sending message 105 to peer 0x150048000 (19 bytes)
1730588829.912595 sending message 105 to peer 0x150048000 (35 bytes)
1730588829.912598 sending message 105 to peer 0x150048000 (32 bytes)
1730588829.912600 sending message 105 to peer 0x150048000 (8 bytes)
1730588829.912603 sending message 105 to peer 0x150048000 (37 bytes)
1730588829.912605 sending message 105 to peer 0x150048000 (45 bytes)
1730588829.912607 sending message 105 to peer 0x150048000 (30 bytes)
1730588829.912610 sending message 105 to peer 0x150048000 (37 bytes)
1730588829.912612 sending message 105 to peer 0x150048000 (34 bytes)
1730588829.912614 sending message 105 to peer 0x150048000 (35 bytes)
1730588829.912616 sending message 105 to peer 0x150048000 (12 bytes)
1730588829.912619 sending message 105 to peer 0x150048000 (22 bytes)
1730588829.912620 sending message 105 to peer 0x150048000 (40 bytes)
1730588829.912623 sending message 105 to peer 0x150048000 (11 bytes)
1730588829.912625 sending message 105 to peer 0x150048000 (8 bytes)
1730588829.912630 sending message 105 to peer 0x150048000 (32 bytes)
1730588829.912633 sending message 105 to peer 0x150048000 (96 bytes)
1730588829.912636 sending message 105 to peer 0x150048000 (10 bytes)
1730588829.912638 sending message 105 to peer 0x150048000 (26 bytes)
1730588829.912640 sending message 105 to peer 0x150048000 (25 bytes)
1730588829.912643 sending message 106 to peer 0x150048000 (0 bytes)
1730588829.912675 sending message 200 to peer 0x150048000 (4 bytes)
1730588829.912679 client loop enter
1730588829.912688 client_signal: Child exited: 20
1730588829.966566 peer 0x150048000 message 207
1730588829.966598 sending message 208 to peer 0x150048000 (0 bytes)
1730588842.080782 peer 0x150048000 message 203
1730588842.080799 sending message 205 to peer 0x150048000 (0 bytes)
1730588842.081099 peer 0x150048000 message 204
1730588842.081108 client loop exit
